<?xml version="1.0" encoding="UTF-8" ?>
<testsuite errors="0" skipped="5" tests="5" time="0.063" failures="0" name="net.sf.taverna.t2.activities.wsdl.WSDLActivityTest">
  <properties>
    <property value="Java(TM) 2 Runtime Environment, Standard Edition" name="java.runtime.name"/>
    <property value="C:\Program Files\Java\jdk1.5.0_09\jre\bin" name="sun.boot.library.path"/>
    <property value="1.5.0_09-b03" name="java.vm.version"/>
    <property value="Sun Microsystems Inc." name="java.vm.vendor"/>
    <property value="http://java.sun.com/" name="java.vendor.url"/>
    <property value=";" name="path.separator"/>
    <property value="Java HotSpot(TM) Client VM" name="java.vm.name"/>
    <property value="sun.io" name="file.encoding.pkg"/>
    <property value="CN" name="user.country"/>
    <property value="Service Pack 3" name="sun.os.patch.level"/>
    <property value="Java Virtual Machine Specification" name="java.vm.specification.name"/>
    <property value="D:\Eclipse Workspace\wsdl-activity" name="user.dir"/>
    <property value="1.5.0_09-b03" name="java.runtime.version"/>
    <property value="sun.awt.Win32GraphicsEnvironment" name="java.awt.graphicsenv"/>
    <property value="D:\Eclipse Workspace\wsdl-activity" name="basedir"/>
    <property value="C:\Program Files\Java\jdk1.5.0_09\jre\lib\endorsed" name="java.endorsed.dirs"/>
    <property value="x86" name="os.arch"/>
    <property value="C:\DOCUME~1\ADMINI~1\LOCALS~1\Temp\" name="java.io.tmpdir"/>
    <property value="
" name="line.separator"/>
    <property value="Sun Microsystems Inc." name="java.vm.specification.vendor"/>
    <property value="" name="user.variant"/>
    <property value="Windows XP" name="os.name"/>
    <property value="GBK" name="sun.jnu.encoding"/>
    <property value="C:\Program Files\Java\jdk1.5.0_09\bin;.;C:\WINDOWS\system32;C:\WINDOWS;C:\Program Files\ThinkPad\Utilities;C:\WINDOWS\system32;C:\WINDOWS;C:\WINDOWS\System32\Wbem;C:\Notes;C:\Program Files\XLView;C:\lotus\compnent;C:\Utilities;C:\Program Files\ThinkPad\ConnectUtilities;C:\WINDOWS\Downloaded Program Files;C:\PROGRA~1\ATT\Graphviz\bin;d:\Program Files\IDM Computer Solutions\UltraEdit-32;D:\Program Files\apache-ant-1.7.0\bin\;C:\Program Files\Java\jdk1.5.0_09\jre\bin\;C:\Program Files\StormII\Codec;C:\Program Files\StormII" name="java.library.path"/>
    <property value="D:\Eclipse Workspace\wsdl-activity\target\test-classes;D:\Eclipse Workspace\wsdl-activity\target\classes;C:\Documents and Settings\Administrator\.m2\repository\net\sf\taverna\t2\workflowmodel-impl\0.3-SNAPSHOT\workflowmodel-impl-0.3-SNAPSHOT.jar;C:\Documents and Settings\Administrator\.m2\repository\jdom\jdom\1.0\jdom-1.0.jar;C:\Documents and Settings\Administrator\.m2\repository\net\sf\taverna\t2\workflowmodel-api\0.3-SNAPSHOT\workflowmodel-api-0.3-SNAPSHOT.jar;C:\Documents and Settings\Administrator\.m2\repository\net\sf\taverna\t2\t2reference-api\0.1-SNAPSHOT\t2reference-api-0.1-SNAPSHOT.jar;C:\Documents and Settings\Administrator\.m2\repository\org\springframework\spring-tx\2.5.4\spring-tx-2.5.4.jar;C:\Documents and Settings\Administrator\.m2\repository\commons-logging\commons-logging\1.1.1\commons-logging-1.1.1.jar;C:\Documents and Settings\Administrator\.m2\repository\org\springframework\spring-beans\2.5.4\spring-beans-2.5.4.jar;C:\Documents and Settings\Administrator\.m2\repository\org\springframework\spring-core\2.5.4\spring-core-2.5.4.jar;C:\Documents and Settings\Administrator\.m2\repository\org\springframework\spring-context\2.5.4\spring-context-2.5.4.jar;C:\Documents and Settings\Administrator\.m2\repository\aopalliance\aopalliance\1.0\aopalliance-1.0.jar;C:\Documents and Settings\Administrator\.m2\repository\net\sf\taverna\t2\spi-discovery-api\0.3-SNAPSHOT\spi-discovery-api-0.3-SNAPSHOT.jar;C:\Documents and Settings\Administrator\.m2\repository\net\sf\taverna\t2\observer\0.3-SNAPSHOT\observer-0.3-SNAPSHOT.jar;C:\Documents and Settings\Administrator\.m2\repository\log4j\log4j\1.2.12\log4j-1.2.12.jar;C:\Documents and Settings\Administrator\.m2\repository\uk\org\mygrid\taverna\raven\raven\1.7-SNAPSHOT\raven-1.7-SNAPSHOT.jar;C:\Documents and Settings\Administrator\.m2\repository\uk\org\mygrid\taverna\raven\raven-log4j\1.7-SNAPSHOT\raven-log4j-1.7-SNAPSHOT.jar;C:\Documents and Settings\Administrator\.m2\repository\uk\org\mygrid\taverna\raven\appconfig\1.7-SNAPSHOT\appconfig-1.7-SNAPSHOT.jar;C:\Documents and Settings\Administrator\.m2\repository\uk\org\mygrid\taverna\raven\launcher-api\1.7-SNAPSHOT\launcher-api-1.7-SNAPSHOT.jar;C:\Documents and Settings\Administrator\.m2\repository\uk\org\mygrid\taverna\raven\prelauncher\1.7-SNAPSHOT\prelauncher-1.7-SNAPSHOT.jar;C:\Documents and Settings\Administrator\.m2\repository\net\sf\taverna\t2\security-api\0.3-SNAPSHOT\security-api-0.3-SNAPSHOT.jar;C:\Documents and Settings\Administrator\.m2\repository\com\thoughtworks\xstream\xstream\1.2.1\xstream-1.2.1.jar;C:\Documents and Settings\Administrator\.m2\repository\xpp3\xpp3_min\1.1.3.4.O\xpp3_min-1.1.3.4.O.jar;C:\Documents and Settings\Administrator\.m2\repository\net\sf\taverna\wsdl-generic\1.2-SNAPSHOT\wsdl-generic-1.2-SNAPSHOT.jar;C:\Documents and Settings\Administrator\.m2\repository\axis\axis-saaj\1.3\axis-saaj-1.3.jar;C:\Documents and Settings\Administrator\.m2\repository\wsdl4j\wsdl4j\1.5.1\wsdl4j-1.5.1.jar;C:\Documents and Settings\Administrator\.m2\repository\axis\axis-jaxrpc\1.3\axis-jaxrpc-1.3.jar;C:\Documents and Settings\Administrator\.m2\repository\uk\org\mygrid\resources\axis\1.4-taverna\axis-1.4-taverna.jar;C:\Documents and Settings\Administrator\.m2\repository\commons-discovery\commons-discovery\0.2\commons-discovery-0.2.jar;C:\Documents and Settings\Administrator\.m2\repository\javax\activation\activation\1.1\activation-1.1.jar;C:\Documents and Settings\Administrator\.m2\repository\javax\mail\mail\1.4\mail-1.4.jar;C:\Documents and Settings\Administrator\.m2\repository\xerces\xmlParserAPIs\2.2.1\xmlParserAPIs-2.2.1.jar;C:\Documents and Settings\Administrator\.m2\repository\axis\addressing\1.0\addressing-1.0.jar;C:\Documents and Settings\Administrator\.m2\repository\net\sf\taverna\t2\partition\0.3-SNAPSHOT\partition-0.3-SNAPSHOT.jar;C:\Documents and Settings\Administrator\.m2\repository\junit\junit\4.4\junit-4.4.jar;C:\Documents and Settings\Administrator\.m2\repository\net\sf\taverna\t2\activity-test-utils\0.3-SNAPSHOT\activity-test-utils-0.3-SNAPSHOT.jar;C:\Documents and Settings\Administrator\.m2\repository\net\sf\taverna\t2\platform\0.1-SNAPSHOT\platform-0.1-SNAPSHOT.jar;C:\Documents and Settings\Administrator\.m2\repository\org\springframework\spring-orm\2.5.4\spring-orm-2.5.4.jar;C:\Documents and Settings\Administrator\.m2\repository\org\springframework\spring-jdbc\2.5.4\spring-jdbc-2.5.4.jar;C:\Documents and Settings\Administrator\.m2\repository\geronimo-spec\geronimo-spec-jta\1.0-M1\geronimo-spec-jta-1.0-M1.jar;C:\Documents and Settings\Administrator\.m2\repository\org\hibernate\hibernate\3.2.5.ga.raven\hibernate-3.2.5.ga.raven.jar;C:\Documents and Settings\Administrator\.m2\repository\dom4j\dom4j\1.6.1\dom4j-1.6.1.jar;C:\Documents and Settings\Administrator\.m2\repository\cglib\cglib\2.1_3\cglib-2.1_3.jar;C:\Documents and Settings\Administrator\.m2\repository\asm\asm\1.5.3\asm-1.5.3.jar;C:\Documents and Settings\Administrator\.m2\repository\commons-collections\commons-collections\2.1.1\commons-collections-2.1.1.jar;C:\Documents and Settings\Administrator\.m2\repository\net\sf\taverna\t2\t2reference-impl\0.1-SNAPSHOT\t2reference-impl-0.1-SNAPSHOT.jar;C:\Documents and Settings\Administrator\.m2\repository\org\aspectj\aspectjrt\1.6.0\aspectjrt-1.6.0.jar;C:\Documents and Settings\Administrator\.m2\repository\org\aspectj\aspectjweaver\1.6.0\aspectjweaver-1.6.0.jar;C:\Documents and Settings\Administrator\.m2\repository\net\sf\taverna\t2\t2reference-core-extensions\0.1-SNAPSHOT\t2reference-core-extensions-0.1-SNAPSHOT.jar;C:\Documents and Settings\Administrator\.m2\repository\commons-httpclient\commons-httpclient\3.1\commons-httpclient-3.1.jar;C:\Documents and Settings\Administrator\.m2\repository\commons-codec\commons-codec\1.2\commons-codec-1.2.jar;C:\Documents and Settings\Administrator\.m2\repository\uk\org\mygrid\taverna\scufl\scufl-model\1.7.1.0\scufl-model-1.7.1.0.jar;C:\Program Files\Java\jdk1.5.0_09\jre\..\lib\tools.jar;C:\Documents and Settings\Administrator\.m2\repository\uk\org\mygrid\taverna\baclava\baclava-core\1.7.1.0\baclava-core-1.7.1.0.jar;C:\Documents and Settings\Administrator\.m2\repository\uk\org\mygrid\taverna\taverna-core\1.7.1.0\taverna-core-1.7.1.0.jar;C:\Documents and Settings\Administrator\.m2\repository\uk\org\mygrid\taverna\taverna-bootstrap\1.7.1.0\taverna-bootstrap-1.7.1.0.jar;C:\Documents and Settings\Administrator\.m2\repository\commons-io\commons-io\1.2\commons-io-1.2.jar;C:\Documents and Settings\Administrator\.m2\repository\uk\org\mygrid\resources\freefluo\NO-VERSION\freefluo-NO-VERSION.jar;" name="surefire.test.class.path"/>
    <property value="Java Platform API Specification" name="java.specification.name"/>
    <property value="49.0" name="java.class.version"/>
    <property value="HotSpot Client Compiler" name="sun.management.compiler"/>
    <property value="5.1" name="os.version"/>
    <property value="C:\Documents and Settings\Administrator" name="user.home"/>
    <property value="America/Chicago" name="user.timezone"/>
    <property value="sun.awt.windows.WPrinterJob" name="java.awt.printerjob"/>
    <property value="GBK" name="file.encoding"/>
    <property value="1.5" name="java.specification.version"/>
    <property value="tanwei" name="user.name"/>
    <property value="/D:/eclipse/plugins/org.maven.ide.eclipse_0.0.12.20071107-2300/lib/lucene-core-2.2.0.jar;/D:/eclipse/plugins/org.maven.ide.eclipse_0.0.12.20071107-2300/lib/maven-embedder-tycho-2.1.0.v20071107-2251.jar;/D:/eclipse/plugins/org.maven.ide.eclipse_0.0.12.20071107-2300/m2plugin.jar" name="java.class.path"/>
    <property value="false" name="eclipse.m2.debugOutput"/>
    <property value="1.0" name="java.vm.specification.version"/>
    <property value="32" name="sun.arch.data.model"/>
    <property value="C:\Program Files\Java\jdk1.5.0_09\jre" name="java.home"/>
    <property value="Sun Microsystems Inc." name="java.specification.vendor"/>
    <property value="zh" name="user.language"/>
    <property value="sun.awt.windows.WToolkit" name="awt.toolkit"/>
    <property value="mixed mode" name="java.vm.info"/>
    <property value="1.5.0_09" name="java.version"/>
    <property value="C:\Program Files\Java\jdk1.5.0_09\jre\lib\ext" name="java.ext.dirs"/>
    <property value="C:\Program Files\Java\jdk1.5.0_09\jre\lib\rt.jar;C:\Program Files\Java\jdk1.5.0_09\jre\lib\i18n.jar;C:\Program Files\Java\jdk1.5.0_09\jre\lib\sunrsasign.jar;C:\Program Files\Java\jdk1.5.0_09\jre\lib\jsse.jar;C:\Program Files\Java\jdk1.5.0_09\jre\lib\jce.jar;C:\Program Files\Java\jdk1.5.0_09\jre\lib\charsets.jar;C:\Program Files\Java\jdk1.5.0_09\jre\classes" name="sun.boot.class.path"/>
    <property value="Sun Microsystems Inc." name="java.vendor"/>
    <property value="true" name="java.awt.headless"/>
    <property value="false" name="eclipse.m2.offline"/>
    <property value="C:\Documents and Settings\Administrator\.m2\repository" name="localRepository"/>
    <property value="\" name="file.separator"/>
    <property value="http://java.sun.com/cgi-bin/bugreport.cgi" name="java.vendor.url.bug"/>
    <property value="little" name="sun.cpu.endian"/>
    <property value="UnicodeLittle" name="sun.io.unicode.encoding"/>
    <property value="windows" name="sun.desktop"/>
    <property value="pentium_pro+mmx pentium_pro pentium+mmx pentium i486 i386 i86" name="sun.cpu.isalist"/>
  </properties>
  <testcase classname="net.sf.taverna.t2.activities.wsdl.WSDLActivityTest" time="0" name="testConfigureWSDLActivityConfigurationBean">
    <skipped/>
  </testcase>
  <testcase classname="net.sf.taverna.t2.activities.wsdl.WSDLActivityTest" time="0.016" name="testGetConfiguration">
    <skipped/>
  </testcase>
  <testcase classname="net.sf.taverna.t2.activities.wsdl.WSDLActivityTest" time="0.016" name="testExecuteAsynchMapOfStringEntityIdentifierAsynchronousActivityCallback">
    <skipped/>
  </testcase>
  <testcase classname="net.sf.taverna.t2.activities.wsdl.WSDLActivityTest" time="0.016" name="testGetTypeDescriptorForOutputPort">
    <skipped/>
  </testcase>
  <testcase classname="net.sf.taverna.t2.activities.wsdl.WSDLActivityTest" time="0.016" name="testGetTypeDescriptorForInputPort">
    <skipped/>
  </testcase>
</testsuite>